<?xml version="1.0" encoding="UTF-8"?>
<testng-results ignored="0" total="2" passed="1" failed="1" skipped="0">
  <reporter-output>
    <line>
      <![CDATA[reading url from property file]]>
    </line>
    <line>
      <![CDATA[reading mobileno from property file]]>
    </line>
    <line>
      <![CDATA[waiting for1000 ms]]>
    </line>
    <line>
      <![CDATA[Entering mobile no]]>
    </line>
    <line>
      <![CDATA[waiting for1000 ms]]>
    </line>
    <line>
      <![CDATA[clicking on signin button]]>
    </line>
    <line>
      <![CDATA[reading password from property file]]>
    </line>
    <line>
      <![CDATA[sending the password]]>
    </line>
    <line>
      <![CDATA[clicking on submit button]]>
    </line>
    <line>
      <![CDATA[clicking on ok button of Popup]]>
    </line>
    <line>
      <![CDATA[waiting for1000 ms]]>
    </line>
    <line>
      <![CDATA[clicking on Close button of Popup]]>
    </line>
    <line>
      <![CDATA[waiting for1000 ms]]>
    </line>
    <line>
      <![CDATA[waiting for1000 ms]]>
    </line>
    <line>
      <![CDATA[getting actual user name is Hi Ganesh Kadam]]>
    </line>
    <line>
      <![CDATA[reading username from property file]]>
    </line>
    <line>
      <![CDATA[waiting for1000 ms]]>
    </line>
    <line>
      <![CDATA[getting actual user name is Hi Ganesh Kadam]]>
    </line>
    <line>
      <![CDATA[waiting for1000 ms]]>
    </line>
    <line>
      <![CDATA[taking screenshot]]>
    </line>
    <line>
      <![CDATA[loginout from neostox]]>
    </line>
    <line>
      <![CDATA[waiting for1000 ms]]>
    </line>
    <line>
      <![CDATA[waiting for1000 ms]]>
    </line>
    <line>
      <![CDATA[loging out neostox]]>
    </line>
    <line>
      <![CDATA[reading mobileno from property file]]>
    </line>
    <line>
      <![CDATA[waiting for1000 ms]]>
    </line>
    <line>
      <![CDATA[Entering mobile no]]>
    </line>
    <line>
      <![CDATA[waiting for1000 ms]]>
    </line>
    <line>
      <![CDATA[clicking on signin button]]>
    </line>
    <line>
      <![CDATA[reading password from property file]]>
    </line>
    <line>
      <![CDATA[sending the password]]>
    </line>
    <line>
      <![CDATA[clicking on submit button]]>
    </line>
    <line>
      <![CDATA[there is no Popup]]>
    </line>
    <line>
      <![CDATA[waiting for1000 ms]]>
    </line>
    <line>
      <![CDATA[getting account balance]]>
    </line>
    <line>
      <![CDATA[account balance is A/c Balance: Rs.5,00,000.00]]>
    </line>
    <line>
      <![CDATA[waiting for1000 ms]]>
    </line>
    <line>
      <![CDATA[getting account balance]]>
    </line>
    <line>
      <![CDATA[account balance is A/c Balance: Rs.5,00,000.00]]>
    </line>
    <line>
      <![CDATA[waiting for1000 ms]]>
    </line>
    <line>
      <![CDATA[loginout from neostox]]>
    </line>
    <line>
      <![CDATA[waiting for1000 ms]]>
    </line>
    <line>
      <![CDATA[waiting for1000 ms]]>
    </line>
    <line>
      <![CDATA[loging out neostox]]>
    </line>
    <line>
      <![CDATA[closing the browser]]>
    </line>
  </reporter-output>
  <suite started-at="2022-12-20T10:01:32 IST" name="Default suite" finished-at="2022-12-20T10:02:27 IST" duration-ms="55288">
    <groups>
    </groups>
    <test started-at="2022-12-20T10:01:32 IST" name="Default test" finished-at="2022-12-20T10:02:27 IST" duration-ms="55288">
      <class name="NeostoxTestClassValidateUserIdandBalance.ValidateUserIDAndAccBalance2properties2Listener">
        <test-method is-config="true" signature="launchbrowser()[pri:0, instance:NeostoxTestClassValidateUserIdandBalance.ValidateUserIDAndAccBalance2properties2Listener@6392827e]" started-at="2022-12-20T10:01:32 IST" name="launchbrowser" finished-at="2022-12-20T10:01:52 IST" duration-ms="20830" status="PASS">
          <reporter-output>
            <line>
              <![CDATA[reading url from property file]]>
            </line>
          </reporter-output>
        </test-method> <!-- launchbrowser -->
        <test-method is-config="true" signature="logintoNeostox()[pri:0, instance:NeostoxTestClassValidateUserIdandBalance.ValidateUserIDAndAccBalance2properties2Listener@6392827e]" started-at="2022-12-20T10:01:52 IST" name="logintoNeostox" finished-at="2022-12-20T10:02:11 IST" duration-ms="18435" status="PASS">
          <reporter-output>
            <line>
              <![CDATA[reading mobileno from property file]]>
            </line>
            <line>
              <![CDATA[waiting for1000 ms]]>
            </line>
            <line>
              <![CDATA[Entering mobile no]]>
            </line>
            <line>
              <![CDATA[waiting for1000 ms]]>
            </line>
            <line>
              <![CDATA[clicking on signin button]]>
            </line>
            <line>
              <![CDATA[reading password from property file]]>
            </line>
            <line>
              <![CDATA[sending the password]]>
            </line>
            <line>
              <![CDATA[clicking on submit button]]>
            </line>
            <line>
              <![CDATA[clicking on ok button of Popup]]>
            </line>
            <line>
              <![CDATA[waiting for1000 ms]]>
            </line>
            <line>
              <![CDATA[clicking on Close button of Popup]]>
            </line>
            <line>
              <![CDATA[waiting for1000 ms]]>
            </line>
          </reporter-output>
        </test-method> <!-- logintoNeostox -->
        <test-method signature="ValidateUserID()[pri:-1, instance:NeostoxTestClassValidateUserIdandBalance.ValidateUserIDAndAccBalance2properties2Listener@6392827e]" started-at="2022-12-20T10:02:11 IST" name="ValidateUserID" finished-at="2022-12-20T10:02:11 IST" duration-ms="378" status="PASS">
          <reporter-output>
            <line>
              <![CDATA[waiting for1000 ms]]>
            </line>
            <line>
              <![CDATA[getting actual user name is Hi Ganesh Kadam]]>
            </line>
            <line>
              <![CDATA[reading username from property file]]>
            </line>
            <line>
              <![CDATA[waiting for1000 ms]]>
            </line>
            <line>
              <![CDATA[getting actual user name is Hi Ganesh Kadam]]>
            </line>
            <line>
              <![CDATA[waiting for1000 ms]]>
            </line>
            <line>
              <![CDATA[taking screenshot]]>
            </line>
          </reporter-output>
        </test-method> <!-- ValidateUserID -->
        <test-method is-config="true" signature="logOutFromNeostox()[pri:0, instance:NeostoxTestClassValidateUserIdandBalance.ValidateUserIDAndAccBalance2properties2Listener@6392827e]" started-at="2022-12-20T10:02:11 IST" name="logOutFromNeostox" finished-at="2022-12-20T10:02:11 IST" duration-ms="181" status="PASS">
          <reporter-output>
            <line>
              <![CDATA[loginout from neostox]]>
            </line>
            <line>
              <![CDATA[waiting for1000 ms]]>
            </line>
            <line>
              <![CDATA[waiting for1000 ms]]>
            </line>
            <line>
              <![CDATA[loging out neostox]]>
            </line>
          </reporter-output>
        </test-method> <!-- logOutFromNeostox -->
        <test-method is-config="true" signature="logintoNeostox()[pri:0, instance:NeostoxTestClassValidateUserIdandBalance.ValidateUserIDAndAccBalance2properties2Listener@6392827e]" started-at="2022-12-20T10:02:12 IST" name="logintoNeostox" finished-at="2022-12-20T10:02:23 IST" duration-ms="11052" status="PASS">
          <reporter-output>
            <line>
              <![CDATA[reading mobileno from property file]]>
            </line>
            <line>
              <![CDATA[waiting for1000 ms]]>
            </line>
            <line>
              <![CDATA[Entering mobile no]]>
            </line>
            <line>
              <![CDATA[waiting for1000 ms]]>
            </line>
            <line>
              <![CDATA[clicking on signin button]]>
            </line>
            <line>
              <![CDATA[reading password from property file]]>
            </line>
            <line>
              <![CDATA[sending the password]]>
            </line>
            <line>
              <![CDATA[clicking on submit button]]>
            </line>
            <line>
              <![CDATA[there is no Popup]]>
            </line>
          </reporter-output>
        </test-method> <!-- logintoNeostox -->
        <test-method signature="ValidateAccBalance()[pri:0, instance:NeostoxTestClassValidateUserIdandBalance.ValidateUserIDAndAccBalance2properties2Listener@6392827e]" started-at="2022-12-20T10:02:23 IST" name="ValidateAccBalance" finished-at="2022-12-20T10:02:23 IST" duration-ms="240" status="FAIL">
          <exception class="java.io.FileNotFoundException">
            <message>
              <![CDATA[Invalid file path]]>
            </message>
            <full-stacktrace>
              <![CDATA[java.io.FileNotFoundException: Invalid file path
at java.base/java.io.FileOutputStream.<init>(FileOutputStream.java:231)
at java.base/java.io.FileOutputStream.<init>(FileOutputStream.java:187)
at org.openqa.selenium.io.FileHandler.copyFile(FileHandler.java:136)
at org.openqa.selenium.io.FileHandler.copy(FileHandler.java:115)
at NeostoxUtility.Utilitycommonmethod.Takescreenshot(Utilitycommonmethod.java:40)
at NeostoxTestClassValidateUserIdandBalance.ValidateUserIDAndAccBalance2properties2Listener.ValidateAccBalance(ValidateUserIDAndAccBalance2properties2Listener.java:49)
at java.base/jdk.internal.reflect.NativeMethodAccessorImpl.invoke0(Native Method)
at java.base/jdk.internal.reflect.NativeMethodAccessorImpl.invoke(NativeMethodAccessorImpl.java:62)
at java.base/jdk.internal.reflect.DelegatingMethodAccessorImpl.invoke(DelegatingMethodAccessorImpl.java:43)
at java.base/java.lang.reflect.Method.invoke(Method.java:566)
at org.testng.internal.MethodInvocationHelper.invokeMethod(MethodInvocationHelper.java:133)
at org.testng.internal.TestInvoker.invokeMethod(TestInvoker.java:598)
at org.testng.internal.TestInvoker.invokeTestMethod(TestInvoker.java:173)
at org.testng.internal.MethodRunner.runInSequence(MethodRunner.java:46)
at org.testng.internal.TestInvoker$MethodInvocationAgent.invoke(TestInvoker.java:824)
at org.testng.internal.TestInvoker.invokeTestMethods(TestInvoker.java:146)
at org.testng.internal.TestMethodWorker.invokeTestMethods(TestMethodWorker.java:146)
at org.testng.internal.TestMethodWorker.run(TestMethodWorker.java:128)
at java.base/java.util.ArrayList.forEach(ArrayList.java:1541)
at org.testng.TestRunner.privateRun(TestRunner.java:794)
at org.testng.TestRunner.run(TestRunner.java:596)
at org.testng.SuiteRunner.runTest(SuiteRunner.java:377)
at org.testng.SuiteRunner.runSequentially(SuiteRunner.java:371)
at org.testng.SuiteRunner.privateRun(SuiteRunner.java:332)
at org.testng.SuiteRunner.run(SuiteRunner.java:276)
at org.testng.SuiteRunnerWorker.runSuite(SuiteRunnerWorker.java:53)
at org.testng.SuiteRunnerWorker.run(SuiteRunnerWorker.java:96)
at org.testng.TestNG.runSuitesSequentially(TestNG.java:1212)
at org.testng.TestNG.runSuitesLocally(TestNG.java:1134)
at org.testng.TestNG.runSuites(TestNG.java:1063)
at org.testng.TestNG.run(TestNG.java:1031)
at org.testng.remote.AbstractRemoteTestNG.run(AbstractRemoteTestNG.java:115)
at org.testng.remote.RemoteTestNG.initAndRun(RemoteTestNG.java:251)
at org.testng.remote.RemoteTestNG.main(RemoteTestNG.java:77)
]]>
            </full-stacktrace>
          </exception> <!-- java.io.FileNotFoundException -->
          <reporter-output>
            <line>
              <![CDATA[waiting for1000 ms]]>
            </line>
            <line>
              <![CDATA[getting account balance]]>
            </line>
            <line>
              <![CDATA[account balance is A/c Balance: Rs.5,00,000.00]]>
            </line>
            <line>
              <![CDATA[waiting for1000 ms]]>
            </line>
            <line>
              <![CDATA[getting account balance]]>
            </line>
            <line>
              <![CDATA[account balance is A/c Balance: Rs.5,00,000.00]]>
            </line>
            <line>
              <![CDATA[waiting for1000 ms]]>
            </line>
          </reporter-output>
        </test-method> <!-- ValidateAccBalance -->
        <test-method is-config="true" signature="logOutFromNeostox()[pri:0, instance:NeostoxTestClassValidateUserIdandBalance.ValidateUserIDAndAccBalance2properties2Listener@6392827e]" started-at="2022-12-20T10:02:23 IST" name="logOutFromNeostox" finished-at="2022-12-20T10:02:26 IST" duration-ms="3664" status="PASS">
          <reporter-output>
            <line>
              <![CDATA[loginout from neostox]]>
            </line>
            <line>
              <![CDATA[waiting for1000 ms]]>
            </line>
            <line>
              <![CDATA[waiting for1000 ms]]>
            </line>
            <line>
              <![CDATA[loging out neostox]]>
            </line>
          </reporter-output>
        </test-method> <!-- logOutFromNeostox -->
        <test-method is-config="true" signature="closebrowser()[pri:0, instance:NeostoxTestClassValidateUserIdandBalance.ValidateUserIDAndAccBalance2properties2Listener@6392827e]" started-at="2022-12-20T10:02:26 IST" name="closebrowser" finished-at="2022-12-20T10:02:27 IST" duration-ms="445" status="PASS">
          <reporter-output>
            <line>
              <![CDATA[closing the browser]]>
            </line>
          </reporter-output>
        </test-method> <!-- closebrowser -->
      </class> <!-- NeostoxTestClassValidateUserIdandBalance.ValidateUserIDAndAccBalance2properties2Listener -->
    </test> <!-- Default test -->
  </suite> <!-- Default suite -->
</testng-results>
